<?xml version="1.0" encoding="UTF-8" ?>
<testsuite tests="81" failures="0" name="info.archinnov.achilles.internals.parser.FieldParserTest" time="5.362" errors="0" skipped="0">
  <properties>
    <property name="java.runtime.name" value="OpenJDK Runtime Environment"/>
    <property name="sun.boot.library.path" value="/usr/lib/jvm/java-8-openjdk-amd64/jre/lib/amd64"/>
    <property name="java.vm.version" value="25.292-b10"/>
    <property name="java.vm.vendor" value="Private Build"/>
    <property name="maven.multiModuleProjectDirectory" value="/home/ch61/Achilles"/>
    <property name="java.vendor.url" value="http://java.oracle.com/"/>
    <property name="path.separator" value=":"/>
    <property name="guice.disable.misplaced.annotation.check" value="true"/>
    <property name="java.vm.name" value="OpenJDK 64-Bit Server VM"/>
    <property name="file.encoding.pkg" value="sun.io"/>
    <property name="sun.java.launcher" value="SUN_STANDARD"/>
    <property name="sun.os.patch.level" value="unknown"/>
    <property name="java.vm.specification.name" value="Java Virtual Machine Specification"/>
    <property name="user.dir" value="/home/ch61/Achilles"/>
    <property name="java.runtime.version" value="1.8.0_292-8u292-b10-0ubuntu1~18.04-b10"/>
    <property name="java.awt.graphicsenv" value="sun.awt.X11GraphicsEnvironment"/>
    <property name="java.endorsed.dirs" value="/usr/lib/jvm/java-8-openjdk-amd64/jre/lib/endorsed"/>
    <property name="os.arch" value="amd64"/>
    <property name="java.io.tmpdir" value="/tmp"/>
    <property name="line.separator" value="
"/>
    <property name="java.vm.specification.vendor" value="Oracle Corporation"/>
    <property name="os.name" value="Linux"/>
    <property name="classworlds.conf" value="/usr/share/maven/bin/m2.conf"/>
    <property name="sun.jnu.encoding" value="UTF-8"/>
    <property name="java.library.path" value="/usr/java/packages/lib/amd64:/usr/lib/x86_64-linux-gnu/jni:/lib/x86_64-linux-gnu:/usr/lib/x86_64-linux-gnu:/usr/lib/jni:/lib:/usr/lib"/>
    <property name="maven.conf" value="/usr/share/maven/conf"/>
    <property name="java.specification.name" value="Java Platform API Specification"/>
    <property name="java.class.version" value="52.0"/>
    <property name="sun.management.compiler" value="HotSpot 64-Bit Tiered Compilers"/>
    <property name="os.version" value="4.15.0-156-generic"/>
    <property name="library.jansi.path" value="/usr/share/maven/lib/jansi-native"/>
    <property name="user.home" value="/home/ch61"/>
    <property name="user.timezone" value="America/Chicago"/>
    <property name="java.awt.printerjob" value="sun.print.PSPrinterJob"/>
    <property name="java.specification.version" value="1.8"/>
    <property name="file.encoding" value="UTF-8"/>
    <property name="user.name" value="ch61"/>
    <property name="java.class.path" value="/usr/share/maven/boot/plexus-classworlds-2.x.jar"/>
    <property name="java.vm.specification.version" value="1.8"/>
    <property name="sun.arch.data.model" value="64"/>
    <property name="java.home" value="/usr/lib/jvm/java-8-openjdk-amd64/jre"/>
    <property name="sun.java.command" value="org.codehaus.plexus.classworlds.launcher.Launcher nondex:nondex"/>
    <property name="java.specification.vendor" value="Oracle Corporation"/>
    <property name="user.language" value="en"/>
    <property name="awt.toolkit" value="sun.awt.X11.XToolkit"/>
    <property name="java.vm.info" value="mixed mode"/>
    <property name="java.version" value="1.8.0_292"/>
    <property name="java.ext.dirs" value="/usr/lib/jvm/java-8-openjdk-amd64/jre/lib/ext:/usr/java/packages/lib/ext"/>
    <property name="securerandom.source" value="file:/dev/./urandom"/>
    <property name="sun.boot.class.path" value="/usr/lib/jvm/java-8-openjdk-amd64/jre/lib/resources.jar:/usr/lib/jvm/java-8-openjdk-amd64/jre/lib/rt.jar:/usr/lib/jvm/java-8-openjdk-amd64/jre/lib/sunrsasign.jar:/usr/lib/jvm/java-8-openjdk-amd64/jre/lib/jsse.jar:/usr/lib/jvm/java-8-openjdk-amd64/jre/lib/jce.jar:/usr/lib/jvm/java-8-openjdk-amd64/jre/lib/charsets.jar:/usr/lib/jvm/java-8-openjdk-amd64/jre/lib/jfr.jar:/usr/lib/jvm/java-8-openjdk-amd64/jre/classes"/>
    <property name="java.vendor" value="Private Build"/>
    <property name="maven.home" value="/usr/share/maven"/>
    <property name="file.separator" value="/"/>
    <property name="java.vendor.url.bug" value="http://bugreport.sun.com/bugreport/"/>
    <property name="sun.cpu.endian" value="little"/>
    <property name="sun.io.unicode.encoding" value="UnicodeLittle"/>
    <property name="sun.cpu.isalist" value=""/>
  </properties>
  <testcase classname="info.archinnov.achilles.internals.parser.FieldParserTest" name="should_fail_parsing_SASI_analyzed_but_SPARSE" time="0.735"/>
  <testcase classname="info.archinnov.achilles.internals.parser.FieldParserTest" name="should_fail_parsing_codec_from_registry" time="0.035"/>
  <testcase classname="info.archinnov.achilles.internals.parser.FieldParserTest" name="should_parse_tuple1" time="0.388"/>
  <testcase classname="info.archinnov.achilles.internals.parser.FieldParserTest" name="should_parse_tuple2" time="0.18"/>
  <testcase classname="info.archinnov.achilles.internals.parser.FieldParserTest" name="should_parse_tuple3" time="0.191"/>
  <testcase classname="info.archinnov.achilles.internals.parser.FieldParserTest" name="should_parse_tuple4" time="0.139"/>
  <testcase classname="info.archinnov.achilles.internals.parser.FieldParserTest" name="should_parse_tuple5" time="0.078"/>
  <testcase classname="info.archinnov.achilles.internals.parser.FieldParserTest" name="should_parse_tuple6" time="0.074"/>
  <testcase classname="info.archinnov.achilles.internals.parser.FieldParserTest" name="should_parse_tuple7" time="0.144"/>
  <testcase classname="info.archinnov.achilles.internals.parser.FieldParserTest" name="should_parse_tuple8" time="0.101"/>
  <testcase classname="info.archinnov.achilles.internals.parser.FieldParserTest" name="should_parse_tuple9" time="0.103"/>
  <testcase classname="info.archinnov.achilles.internals.parser.FieldParserTest" name="should_fail_parsing_wrongtimeuuid" time="0.061"/>
  <testcase classname="info.archinnov.achilles.internals.parser.FieldParserTest" name="should_parse_optional_string" time="0.097"/>
  <testcase classname="info.archinnov.achilles.internals.parser.FieldParserTest" name="should_parse_tuple_nesting" time="0.097"/>
  <testcase classname="info.archinnov.achilles.internals.parser.FieldParserTest" name="should_parse_computed_field_with_codec" time="0.056"/>
  <testcase classname="info.archinnov.achilles.internals.parser.FieldParserTest" name="should_parse_set_udt" time="0.077"/>
  <testcase classname="info.archinnov.achilles.internals.parser.FieldParserTest" name="should_parse_complex_nested_map" time="0.067"/>
  <testcase classname="info.archinnov.achilles.internals.parser.FieldParserTest" name="should_parse_primitive_boolean" time="0.058"/>
  <testcase classname="info.archinnov.achilles.internals.parser.FieldParserTest" name="should_parse_object_byte_array" time="0.076"/>
  <testcase classname="info.archinnov.achilles.internals.parser.FieldParserTest" name="should_fail_parsing_static_column_in_udt" time="0.031"/>
  <testcase classname="info.archinnov.achilles.internals.parser.FieldParserTest" name="should_fail_parsing_SASI_standardAnalyzer_But_NotAnalyzed" time="0.038"/>
  <testcase classname="info.archinnov.achilles.internals.parser.FieldParserTest" name="should_parse_timeuuid" time="0.063"/>
  <testcase classname="info.archinnov.achilles.internals.parser.FieldParserTest" name="should_parse_json_map" time="0.056"/>
  <testcase classname="info.archinnov.achilles.internals.parser.FieldParserTest" name="should_parse_enumerated_type" time="0.049"/>
  <testcase classname="info.archinnov.achilles.internals.parser.FieldParserTest" name="should_parse_list_nesting" time="0.079"/>
  <testcase classname="info.archinnov.achilles.internals.parser.FieldParserTest" name="should_fail_parsing_non_frozen_nested_udt" time="0.026"/>
  <testcase classname="info.archinnov.achilles.internals.parser.FieldParserTest" name="should_parse_list_optional_string" time="0.048"/>
  <testcase classname="info.archinnov.achilles.internals.parser.FieldParserTest" name="should_fail_parsing_SASI_stemming_But_NonTokeninzingAnalyzer" time="0.049"/>
  <testcase classname="info.archinnov.achilles.internals.parser.FieldParserTest" name="should_parse_nested_tuple" time="0.017"/>
  <testcase classname="info.archinnov.achilles.internals.parser.FieldParserTest" name="should_parse_enumerated_codec_from_registry" time="0.045"/>
  <testcase classname="info.archinnov.achilles.internals.parser.FieldParserTest" name="should_parse_json_type" time="0.047"/>
  <testcase classname="info.archinnov.achilles.internals.parser.FieldParserTest" name="should_parse_optional_protocol_version_from_codec_registry" time="0.067"/>
  <testcase classname="info.archinnov.achilles.internals.parser.FieldParserTest" name="should_fail_parsing_SASI_lowercase_But_NotAnalyzed" time="0.019"/>
  <testcase classname="info.archinnov.achilles.internals.parser.FieldParserTest" name="should_fail_parsing_SASI_lowercase_But_NoAnalyzer" time="0.029"/>
  <testcase classname="info.archinnov.achilles.internals.parser.FieldParserTest" name="should_parse_tuple10" time="0.062"/>
  <testcase classname="info.archinnov.achilles.internals.parser.FieldParserTest" name="should_parse_codec_from_registry" time="0.071"/>
  <testcase classname="info.archinnov.achilles.internals.parser.FieldParserTest" name="should_parse_jdk8_local_date" time="0.056"/>
  <testcase classname="info.archinnov.achilles.internals.parser.FieldParserTest" name="should_parse_jdk8_local_time" time="0.073"/>
  <testcase classname="info.archinnov.achilles.internals.parser.FieldParserTest" name="should_parse_optional_protocol_version_from_inline_codec" time="0.059"/>
  <testcase classname="info.archinnov.achilles.internals.parser.FieldParserTest" name="should_parse_jdk8_zoned_date_time" time="0.045"/>
  <testcase classname="info.archinnov.achilles.internals.parser.FieldParserTest" name="should_fail_parsing_non_frozen_collection_in_udt" time="0.023"/>
  <testcase classname="info.archinnov.achilles.internals.parser.FieldParserTest" name="should_fail_parsing_SASI_lowercase_But_SPARSE" time="0.026"/>
  <testcase classname="info.archinnov.achilles.internals.parser.FieldParserTest" name="should_parse_set_nesting" time="0.041"/>
  <testcase classname="info.archinnov.achilles.internals.parser.FieldParserTest" name="should_parse_map_of_double_array" time="0.071"/>
  <testcase classname="info.archinnov.achilles.internals.parser.FieldParserTest" name="should_parse_map_with_nested_json" time="0.04"/>
  <testcase classname="info.archinnov.achilles.internals.parser.FieldParserTest" name="should_fail_parsing_SASI_on_list" time="0.036"/>
  <testcase classname="info.archinnov.achilles.internals.parser.FieldParserTest" name="should_fail_parsing_SASI_analyzed_but_not_string" time="0.021"/>
  <testcase classname="info.archinnov.achilles.internals.parser.FieldParserTest" name="should_fail_parsing_SASI_stemming_But_NotAnalyzed" time="0.017"/>
  <testcase classname="info.archinnov.achilles.internals.parser.FieldParserTest" name="should_parse_enumerated_set_type" time="0.064"/>
  <testcase classname="info.archinnov.achilles.internals.parser.FieldParserTest" name="should_parse_ascii" time="0.081"/>
  <testcase classname="info.archinnov.achilles.internals.parser.FieldParserTest" name="should_fail_parsing_counter_in_udt" time="0.02"/>
  <testcase classname="info.archinnov.achilles.internals.parser.FieldParserTest" name="should_parse_computed_field" time="0.04"/>
  <testcase classname="info.archinnov.achilles.internals.parser.FieldParserTest" name="should_parse_non_frozen_udt" time="0.041"/>
  <testcase classname="info.archinnov.achilles.internals.parser.FieldParserTest" name="should_fail_parsing_SASI_standardAnalyzer_Not_String" time="0.016"/>
  <testcase classname="info.archinnov.achilles.internals.parser.FieldParserTest" name="should_fail_parsing_SASI_standardAnalyzer_But_SPARSE" time="0.016"/>
  <testcase classname="info.archinnov.achilles.internals.parser.FieldParserTest" name="should_parse_object_boolean" time="0.038"/>
  <testcase classname="info.archinnov.achilles.internals.parser.FieldParserTest" name="should_parse_string_type" time="0.164"/>
  <testcase classname="info.archinnov.achilles.internals.parser.FieldParserTest" name="should_parse_runtime_codec" time="0.039"/>
  <testcase classname="info.archinnov.achilles.internals.parser.FieldParserTest" name="should_fail_parsing_wrongascii" time="0.027"/>
  <testcase classname="info.archinnov.achilles.internals.parser.FieldParserTest" name="should_parse_transformed_type" time="0.038"/>
  <testcase classname="info.archinnov.achilles.internals.parser.FieldParserTest" name="should_parse_simple_codec_from_registry" time="0.041"/>
  <testcase classname="info.archinnov.achilles.internals.parser.FieldParserTest" name="should_parse_codec_overriding_registry" time="0.043"/>
  <testcase classname="info.archinnov.achilles.internals.parser.FieldParserTest" name="should_parse_nested_int_array" time="0.06"/>
  <testcase classname="info.archinnov.achilles.internals.parser.FieldParserTest" name="should_parse_map_udt" time="0.038"/>
  <testcase classname="info.archinnov.achilles.internals.parser.FieldParserTest" name="should_parse_nested_udt" time="0.041"/>
  <testcase classname="info.archinnov.achilles.internals.parser.FieldParserTest" name="should_fail_parsing_clustering_column_in_udt" time="0.018"/>
  <testcase classname="info.archinnov.achilles.internals.parser.FieldParserTest" name="should_fail_parsing_SASI_SPARSE_But_String" time="0.016"/>
  <testcase classname="info.archinnov.achilles.internals.parser.FieldParserTest" name="should_parse_field_with_case_sensitive_overriden_name" time="0.039"/>
  <testcase classname="info.archinnov.achilles.internals.parser.FieldParserTest" name="should_parse_primitive_byte_array" time="0.052"/>
  <testcase classname="info.archinnov.achilles.internals.parser.FieldParserTest" name="should_fail_parsing_partition_key_in_udt" time="0.017"/>
  <testcase classname="info.archinnov.achilles.internals.parser.FieldParserTest" name="should_fail_parsing_SASI_on_map" time="0.019"/>
  <testcase classname="info.archinnov.achilles.internals.parser.FieldParserTest" name="should_fail_parsing_SASI_on_set" time="0.017"/>
  <testcase classname="info.archinnov.achilles.internals.parser.FieldParserTest" name="should_fail_parsing_SASI_lowercase_But_Not_String" time="0.016"/>
  <testcase classname="info.archinnov.achilles.internals.parser.FieldParserTest" name="should_parse_udt" time="0.045"/>
  <testcase classname="info.archinnov.achilles.internals.parser.FieldParserTest" name="should_parse_jdk8_instant" time="0.039"/>
  <testcase classname="info.archinnov.achilles.internals.parser.FieldParserTest" name="should_fail_parsing_SASI_analyzed_but_NoOpAnalyzer" time="0.019"/>
  <testcase classname="info.archinnov.achilles.internals.parser.FieldParserTest" name="should_parse_map_nesting" time="0.053"/>
  <testcase classname="info.archinnov.achilles.internals.parser.FieldParserTest" name="should_parse_json_codec_from_registry" time="0.039"/>
  <testcase classname="info.archinnov.achilles.internals.parser.FieldParserTest" name="should_fail_parsing_SASI_stemming_But_SPARSE" time="0.019"/>
  <testcase classname="info.archinnov.achilles.internals.parser.FieldParserTest" name="should_fail_parsing_SASI_stemming_But_NotString" time="0.03"/>
  <testcase classname="info.archinnov.achilles.internals.parser.FieldParserTest" name="should_parse_list_udt" time="0.056"/>
</testsuite>