<?xml version="1.0" encoding="UTF-8" ?>
<testsuite tests="81" failures="0" name="info.archinnov.achilles.internals.parser.FieldParserTest" time="316.288" errors="0" skipped="0">
  <properties>
    <property name="java.runtime.name" value="OpenJDK Runtime Environment"/>
    <property name="sun.boot.library.path" value="/usr/lib/jvm/java-8-openjdk-amd64/jre/lib/amd64"/>
    <property name="java.vm.version" value="25.292-b10"/>
    <property name="java.vm.vendor" value="Private Build"/>
    <property name="maven.multiModuleProjectDirectory" value="/home/ch61/Achilles"/>
    <property name="java.vendor.url" value="http://java.oracle.com/"/>
    <property name="path.separator" value=":"/>
    <property name="guice.disable.misplaced.annotation.check" value="true"/>
    <property name="java.vm.name" value="OpenJDK 64-Bit Server VM"/>
    <property name="file.encoding.pkg" value="sun.io"/>
    <property name="sun.java.launcher" value="SUN_STANDARD"/>
    <property name="sun.os.patch.level" value="unknown"/>
    <property name="java.vm.specification.name" value="Java Virtual Machine Specification"/>
    <property name="user.dir" value="/home/ch61/Achilles"/>
    <property name="java.runtime.version" value="1.8.0_292-8u292-b10-0ubuntu1~18.04-b10"/>
    <property name="java.awt.graphicsenv" value="sun.awt.X11GraphicsEnvironment"/>
    <property name="java.endorsed.dirs" value="/usr/lib/jvm/java-8-openjdk-amd64/jre/lib/endorsed"/>
    <property name="os.arch" value="amd64"/>
    <property name="java.io.tmpdir" value="/tmp"/>
    <property name="line.separator" value="
"/>
    <property name="java.vm.specification.vendor" value="Oracle Corporation"/>
    <property name="os.name" value="Linux"/>
    <property name="classworlds.conf" value="/usr/share/maven/bin/m2.conf"/>
    <property name="sun.jnu.encoding" value="UTF-8"/>
    <property name="java.library.path" value="/usr/java/packages/lib/amd64:/usr/lib/x86_64-linux-gnu/jni:/lib/x86_64-linux-gnu:/usr/lib/x86_64-linux-gnu:/usr/lib/jni:/lib:/usr/lib"/>
    <property name="maven.conf" value="/usr/share/maven/conf"/>
    <property name="java.specification.name" value="Java Platform API Specification"/>
    <property name="java.class.version" value="52.0"/>
    <property name="sun.management.compiler" value="HotSpot 64-Bit Tiered Compilers"/>
    <property name="os.version" value="4.15.0-156-generic"/>
    <property name="library.jansi.path" value="/usr/share/maven/lib/jansi-native"/>
    <property name="user.home" value="/home/ch61"/>
    <property name="user.timezone" value="America/Chicago"/>
    <property name="java.awt.printerjob" value="sun.print.PSPrinterJob"/>
    <property name="java.specification.version" value="1.8"/>
    <property name="file.encoding" value="UTF-8"/>
    <property name="user.name" value="ch61"/>
    <property name="java.class.path" value="/usr/share/maven/boot/plexus-classworlds-2.x.jar"/>
    <property name="java.vm.specification.version" value="1.8"/>
    <property name="sun.arch.data.model" value="64"/>
    <property name="java.home" value="/usr/lib/jvm/java-8-openjdk-amd64/jre"/>
    <property name="sun.java.command" value="org.codehaus.plexus.classworlds.launcher.Launcher nondex:nondex"/>
    <property name="java.specification.vendor" value="Oracle Corporation"/>
    <property name="user.language" value="en"/>
    <property name="awt.toolkit" value="sun.awt.X11.XToolkit"/>
    <property name="java.vm.info" value="mixed mode"/>
    <property name="java.version" value="1.8.0_292"/>
    <property name="java.ext.dirs" value="/usr/lib/jvm/java-8-openjdk-amd64/jre/lib/ext:/usr/java/packages/lib/ext"/>
    <property name="securerandom.source" value="file:/dev/./urandom"/>
    <property name="sun.boot.class.path" value="/usr/lib/jvm/java-8-openjdk-amd64/jre/lib/resources.jar:/usr/lib/jvm/java-8-openjdk-amd64/jre/lib/rt.jar:/usr/lib/jvm/java-8-openjdk-amd64/jre/lib/sunrsasign.jar:/usr/lib/jvm/java-8-openjdk-amd64/jre/lib/jsse.jar:/usr/lib/jvm/java-8-openjdk-amd64/jre/lib/jce.jar:/usr/lib/jvm/java-8-openjdk-amd64/jre/lib/charsets.jar:/usr/lib/jvm/java-8-openjdk-amd64/jre/lib/jfr.jar:/usr/lib/jvm/java-8-openjdk-amd64/jre/classes"/>
    <property name="java.vendor" value="Private Build"/>
    <property name="maven.home" value="/usr/share/maven"/>
    <property name="file.separator" value="/"/>
    <property name="java.vendor.url.bug" value="http://bugreport.sun.com/bugreport/"/>
    <property name="sun.cpu.endian" value="little"/>
    <property name="sun.io.unicode.encoding" value="UnicodeLittle"/>
    <property name="sun.cpu.isalist" value=""/>
  </properties>
  <testcase classname="info.archinnov.achilles.internals.parser.FieldParserTest" name="info.archinnov.achilles.internals.parser.FieldParserTest" time="0.721"/>
  <testcase classname="info.archinnov.achilles.internals.parser.FieldParserTest" name="info.archinnov.achilles.internals.parser.FieldParserTest" time="0.76"/>
  <testcase classname="info.archinnov.achilles.internals.parser.FieldParserTest" name="info.archinnov.achilles.internals.parser.FieldParserTest" time="1.237"/>
  <testcase classname="info.archinnov.achilles.internals.parser.FieldParserTest" name="info.archinnov.achilles.internals.parser.FieldParserTest" time="1.479"/>
  <testcase classname="info.archinnov.achilles.internals.parser.FieldParserTest" name="info.archinnov.achilles.internals.parser.FieldParserTest" time="1.6"/>
  <testcase classname="info.archinnov.achilles.internals.parser.FieldParserTest" name="info.archinnov.achilles.internals.parser.FieldParserTest" time="1.75"/>
  <testcase classname="info.archinnov.achilles.internals.parser.FieldParserTest" name="info.archinnov.achilles.internals.parser.FieldParserTest" time="1.883"/>
  <testcase classname="info.archinnov.achilles.internals.parser.FieldParserTest" name="info.archinnov.achilles.internals.parser.FieldParserTest" time="2.004"/>
  <testcase classname="info.archinnov.achilles.internals.parser.FieldParserTest" name="info.archinnov.achilles.internals.parser.FieldParserTest" time="2.103"/>
  <testcase classname="info.archinnov.achilles.internals.parser.FieldParserTest" name="info.archinnov.achilles.internals.parser.FieldParserTest" time="2.203"/>
  <testcase classname="info.archinnov.achilles.internals.parser.FieldParserTest" name="info.archinnov.achilles.internals.parser.FieldParserTest" time="2.304"/>
  <testcase classname="info.archinnov.achilles.internals.parser.FieldParserTest" name="info.archinnov.achilles.internals.parser.FieldParserTest" time="2.365"/>
  <testcase classname="info.archinnov.achilles.internals.parser.FieldParserTest" name="info.archinnov.achilles.internals.parser.FieldParserTest" time="2.47"/>
  <testcase classname="info.archinnov.achilles.internals.parser.FieldParserTest" name="info.archinnov.achilles.internals.parser.FieldParserTest" time="2.527"/>
  <testcase classname="info.archinnov.achilles.internals.parser.FieldParserTest" name="info.archinnov.achilles.internals.parser.FieldParserTest" time="2.582"/>
  <testcase classname="info.archinnov.achilles.internals.parser.FieldParserTest" name="info.archinnov.achilles.internals.parser.FieldParserTest" time="2.684"/>
  <testcase classname="info.archinnov.achilles.internals.parser.FieldParserTest" name="info.archinnov.achilles.internals.parser.FieldParserTest" time="2.766"/>
  <testcase classname="info.archinnov.achilles.internals.parser.FieldParserTest" name="info.archinnov.achilles.internals.parser.FieldParserTest" time="2.848"/>
  <testcase classname="info.archinnov.achilles.internals.parser.FieldParserTest" name="info.archinnov.achilles.internals.parser.FieldParserTest" time="2.902"/>
  <testcase classname="info.archinnov.achilles.internals.parser.FieldParserTest" name="info.archinnov.achilles.internals.parser.FieldParserTest" time="2.93"/>
  <testcase classname="info.archinnov.achilles.internals.parser.FieldParserTest" name="info.archinnov.achilles.internals.parser.FieldParserTest" time="2.957"/>
  <testcase classname="info.archinnov.achilles.internals.parser.FieldParserTest" name="info.archinnov.achilles.internals.parser.FieldParserTest" time="3.015"/>
  <testcase classname="info.archinnov.achilles.internals.parser.FieldParserTest" name="info.archinnov.achilles.internals.parser.FieldParserTest" time="3.081"/>
  <testcase classname="info.archinnov.achilles.internals.parser.FieldParserTest" name="info.archinnov.achilles.internals.parser.FieldParserTest" time="3.154"/>
  <testcase classname="info.archinnov.achilles.internals.parser.FieldParserTest" name="info.archinnov.achilles.internals.parser.FieldParserTest" time="3.232"/>
  <testcase classname="info.archinnov.achilles.internals.parser.FieldParserTest" name="info.archinnov.achilles.internals.parser.FieldParserTest" time="3.288"/>
  <testcase classname="info.archinnov.achilles.internals.parser.FieldParserTest" name="info.archinnov.achilles.internals.parser.FieldParserTest" time="3.349"/>
  <testcase classname="info.archinnov.achilles.internals.parser.FieldParserTest" name="info.archinnov.achilles.internals.parser.FieldParserTest" time="3.378"/>
  <testcase classname="info.archinnov.achilles.internals.parser.FieldParserTest" name="info.archinnov.achilles.internals.parser.FieldParserTest" time="3.445"/>
  <testcase classname="info.archinnov.achilles.internals.parser.FieldParserTest" name="info.archinnov.achilles.internals.parser.FieldParserTest" time="3.53"/>
  <testcase classname="info.archinnov.achilles.internals.parser.FieldParserTest" name="info.archinnov.achilles.internals.parser.FieldParserTest" time="3.579"/>
  <testcase classname="info.archinnov.achilles.internals.parser.FieldParserTest" name="info.archinnov.achilles.internals.parser.FieldParserTest" time="3.634"/>
  <testcase classname="info.archinnov.achilles.internals.parser.FieldParserTest" name="info.archinnov.achilles.internals.parser.FieldParserTest" time="3.66"/>
  <testcase classname="info.archinnov.achilles.internals.parser.FieldParserTest" name="info.archinnov.achilles.internals.parser.FieldParserTest" time="3.685"/>
  <testcase classname="info.archinnov.achilles.internals.parser.FieldParserTest" name="info.archinnov.achilles.internals.parser.FieldParserTest" time="3.74"/>
  <testcase classname="info.archinnov.achilles.internals.parser.FieldParserTest" name="info.archinnov.achilles.internals.parser.FieldParserTest" time="3.82"/>
  <testcase classname="info.archinnov.achilles.internals.parser.FieldParserTest" name="info.archinnov.achilles.internals.parser.FieldParserTest" time="3.889"/>
  <testcase classname="info.archinnov.achilles.internals.parser.FieldParserTest" name="info.archinnov.achilles.internals.parser.FieldParserTest" time="3.939"/>
  <testcase classname="info.archinnov.achilles.internals.parser.FieldParserTest" name="info.archinnov.achilles.internals.parser.FieldParserTest" time="3.988"/>
  <testcase classname="info.archinnov.achilles.internals.parser.FieldParserTest" name="info.archinnov.achilles.internals.parser.FieldParserTest" time="4.035"/>
  <testcase classname="info.archinnov.achilles.internals.parser.FieldParserTest" name="info.archinnov.achilles.internals.parser.FieldParserTest" time="4.066"/>
  <testcase classname="info.archinnov.achilles.internals.parser.FieldParserTest" name="info.archinnov.achilles.internals.parser.FieldParserTest" time="4.113"/>
  <testcase classname="info.archinnov.achilles.internals.parser.FieldParserTest" name="info.archinnov.achilles.internals.parser.FieldParserTest" time="4.162"/>
  <testcase classname="info.archinnov.achilles.internals.parser.FieldParserTest" name="info.archinnov.achilles.internals.parser.FieldParserTest" time="4.211"/>
  <testcase classname="info.archinnov.achilles.internals.parser.FieldParserTest" name="info.archinnov.achilles.internals.parser.FieldParserTest" time="4.259"/>
  <testcase classname="info.archinnov.achilles.internals.parser.FieldParserTest" name="info.archinnov.achilles.internals.parser.FieldParserTest" time="4.287"/>
  <testcase classname="info.archinnov.achilles.internals.parser.FieldParserTest" name="info.archinnov.achilles.internals.parser.FieldParserTest" time="4.309"/>
  <testcase classname="info.archinnov.achilles.internals.parser.FieldParserTest" name="info.archinnov.achilles.internals.parser.FieldParserTest" time="4.334"/>
  <testcase classname="info.archinnov.achilles.internals.parser.FieldParserTest" name="info.archinnov.achilles.internals.parser.FieldParserTest" time="4.402"/>
  <testcase classname="info.archinnov.achilles.internals.parser.FieldParserTest" name="info.archinnov.achilles.internals.parser.FieldParserTest" time="4.453"/>
  <testcase classname="info.archinnov.achilles.internals.parser.FieldParserTest" name="info.archinnov.achilles.internals.parser.FieldParserTest" time="4.485"/>
  <testcase classname="info.archinnov.achilles.internals.parser.FieldParserTest" name="info.archinnov.achilles.internals.parser.FieldParserTest" time="4.53"/>
  <testcase classname="info.archinnov.achilles.internals.parser.FieldParserTest" name="info.archinnov.achilles.internals.parser.FieldParserTest" time="4.578"/>
  <testcase classname="info.archinnov.achilles.internals.parser.FieldParserTest" name="info.archinnov.achilles.internals.parser.FieldParserTest" time="4.617"/>
  <testcase classname="info.archinnov.achilles.internals.parser.FieldParserTest" name="info.archinnov.achilles.internals.parser.FieldParserTest" time="4.641"/>
  <testcase classname="info.archinnov.achilles.internals.parser.FieldParserTest" name="info.archinnov.achilles.internals.parser.FieldParserTest" time="4.689"/>
  <testcase classname="info.archinnov.achilles.internals.parser.FieldParserTest" name="info.archinnov.achilles.internals.parser.FieldParserTest" time="4.735"/>
  <testcase classname="info.archinnov.achilles.internals.parser.FieldParserTest" name="info.archinnov.achilles.internals.parser.FieldParserTest" time="4.781"/>
  <testcase classname="info.archinnov.achilles.internals.parser.FieldParserTest" name="info.archinnov.achilles.internals.parser.FieldParserTest" time="4.814"/>
  <testcase classname="info.archinnov.achilles.internals.parser.FieldParserTest" name="info.archinnov.achilles.internals.parser.FieldParserTest" time="4.875"/>
  <testcase classname="info.archinnov.achilles.internals.parser.FieldParserTest" name="info.archinnov.achilles.internals.parser.FieldParserTest" time="4.922"/>
  <testcase classname="info.archinnov.achilles.internals.parser.FieldParserTest" name="info.archinnov.achilles.internals.parser.FieldParserTest" time="4.97"/>
  <testcase classname="info.archinnov.achilles.internals.parser.FieldParserTest" name="info.archinnov.achilles.internals.parser.FieldParserTest" time="5.015"/>
  <testcase classname="info.archinnov.achilles.internals.parser.FieldParserTest" name="info.archinnov.achilles.internals.parser.FieldParserTest" time="5.064"/>
  <testcase classname="info.archinnov.achilles.internals.parser.FieldParserTest" name="info.archinnov.achilles.internals.parser.FieldParserTest" time="5.264"/>
  <testcase classname="info.archinnov.achilles.internals.parser.FieldParserTest" name="info.archinnov.achilles.internals.parser.FieldParserTest" time="5.293"/>
  <testcase classname="info.archinnov.achilles.internals.parser.FieldParserTest" name="info.archinnov.achilles.internals.parser.FieldParserTest" time="5.316"/>
  <testcase classname="info.archinnov.achilles.internals.parser.FieldParserTest" name="info.archinnov.achilles.internals.parser.FieldParserTest" time="5.36"/>
  <testcase classname="info.archinnov.achilles.internals.parser.FieldParserTest" name="info.archinnov.achilles.internals.parser.FieldParserTest" time="5.405"/>
  <testcase classname="info.archinnov.achilles.internals.parser.FieldParserTest" name="info.archinnov.achilles.internals.parser.FieldParserTest" time="5.428"/>
  <testcase classname="info.archinnov.achilles.internals.parser.FieldParserTest" name="info.archinnov.achilles.internals.parser.FieldParserTest" time="5.482"/>
  <testcase classname="info.archinnov.achilles.internals.parser.FieldParserTest" name="info.archinnov.achilles.internals.parser.FieldParserTest" time="5.506"/>
  <testcase classname="info.archinnov.achilles.internals.parser.FieldParserTest" name="info.archinnov.achilles.internals.parser.FieldParserTest" time="5.529"/>
  <testcase classname="info.archinnov.achilles.internals.parser.FieldParserTest" name="info.archinnov.achilles.internals.parser.FieldParserTest" time="5.574"/>
  <testcase classname="info.archinnov.achilles.internals.parser.FieldParserTest" name="info.archinnov.achilles.internals.parser.FieldParserTest" time="5.618"/>
  <testcase classname="info.archinnov.achilles.internals.parser.FieldParserTest" name="info.archinnov.achilles.internals.parser.FieldParserTest" time="5.644"/>
  <testcase classname="info.archinnov.achilles.internals.parser.FieldParserTest" name="info.archinnov.achilles.internals.parser.FieldParserTest" time="5.727"/>
  <testcase classname="info.archinnov.achilles.internals.parser.FieldParserTest" name="info.archinnov.achilles.internals.parser.FieldParserTest" time="5.783"/>
  <testcase classname="info.archinnov.achilles.internals.parser.FieldParserTest" name="info.archinnov.achilles.internals.parser.FieldParserTest" time="5.809"/>
  <testcase classname="info.archinnov.achilles.internals.parser.FieldParserTest" name="info.archinnov.achilles.internals.parser.FieldParserTest" time="5.833"/>
  <testcase classname="info.archinnov.achilles.internals.parser.FieldParserTest" name="info.archinnov.achilles.internals.parser.FieldParserTest" time="5.889"/>
</testsuite>