<?xml version="1.0" encoding="UTF-8" ?>
<testsuite tests="81" failures="0" name="info.archinnov.achilles.internals.parser.FieldParserTest" time="310.725" errors="0" skipped="0">
  <properties>
    <property name="java.runtime.name" value="OpenJDK Runtime Environment"/>
    <property name="sun.boot.library.path" value="/usr/lib/jvm/java-8-openjdk-amd64/jre/lib/amd64"/>
    <property name="java.vm.version" value="25.292-b10"/>
    <property name="java.vm.vendor" value="Private Build"/>
    <property name="maven.multiModuleProjectDirectory" value="/home/ch61/Achilles"/>
    <property name="java.vendor.url" value="http://java.oracle.com/"/>
    <property name="path.separator" value=":"/>
    <property name="guice.disable.misplaced.annotation.check" value="true"/>
    <property name="java.vm.name" value="OpenJDK 64-Bit Server VM"/>
    <property name="file.encoding.pkg" value="sun.io"/>
    <property name="sun.java.launcher" value="SUN_STANDARD"/>
    <property name="sun.os.patch.level" value="unknown"/>
    <property name="java.vm.specification.name" value="Java Virtual Machine Specification"/>
    <property name="user.dir" value="/home/ch61/Achilles"/>
    <property name="java.runtime.version" value="1.8.0_292-8u292-b10-0ubuntu1~18.04-b10"/>
    <property name="java.awt.graphicsenv" value="sun.awt.X11GraphicsEnvironment"/>
    <property name="java.endorsed.dirs" value="/usr/lib/jvm/java-8-openjdk-amd64/jre/lib/endorsed"/>
    <property name="os.arch" value="amd64"/>
    <property name="java.io.tmpdir" value="/tmp"/>
    <property name="line.separator" value="
"/>
    <property name="java.vm.specification.vendor" value="Oracle Corporation"/>
    <property name="os.name" value="Linux"/>
    <property name="classworlds.conf" value="/usr/share/maven/bin/m2.conf"/>
    <property name="sun.jnu.encoding" value="UTF-8"/>
    <property name="java.library.path" value="/usr/java/packages/lib/amd64:/usr/lib/x86_64-linux-gnu/jni:/lib/x86_64-linux-gnu:/usr/lib/x86_64-linux-gnu:/usr/lib/jni:/lib:/usr/lib"/>
    <property name="maven.conf" value="/usr/share/maven/conf"/>
    <property name="java.specification.name" value="Java Platform API Specification"/>
    <property name="java.class.version" value="52.0"/>
    <property name="sun.management.compiler" value="HotSpot 64-Bit Tiered Compilers"/>
    <property name="os.version" value="4.15.0-156-generic"/>
    <property name="library.jansi.path" value="/usr/share/maven/lib/jansi-native"/>
    <property name="user.home" value="/home/ch61"/>
    <property name="user.timezone" value="America/Chicago"/>
    <property name="java.awt.printerjob" value="sun.print.PSPrinterJob"/>
    <property name="java.specification.version" value="1.8"/>
    <property name="file.encoding" value="UTF-8"/>
    <property name="user.name" value="ch61"/>
    <property name="java.class.path" value="/usr/share/maven/boot/plexus-classworlds-2.x.jar"/>
    <property name="java.vm.specification.version" value="1.8"/>
    <property name="sun.arch.data.model" value="64"/>
    <property name="java.home" value="/usr/lib/jvm/java-8-openjdk-amd64/jre"/>
    <property name="sun.java.command" value="org.codehaus.plexus.classworlds.launcher.Launcher nondex:nondex"/>
    <property name="java.specification.vendor" value="Oracle Corporation"/>
    <property name="user.language" value="en"/>
    <property name="awt.toolkit" value="sun.awt.X11.XToolkit"/>
    <property name="java.vm.info" value="mixed mode"/>
    <property name="java.version" value="1.8.0_292"/>
    <property name="java.ext.dirs" value="/usr/lib/jvm/java-8-openjdk-amd64/jre/lib/ext:/usr/java/packages/lib/ext"/>
    <property name="securerandom.source" value="file:/dev/./urandom"/>
    <property name="sun.boot.class.path" value="/usr/lib/jvm/java-8-openjdk-amd64/jre/lib/resources.jar:/usr/lib/jvm/java-8-openjdk-amd64/jre/lib/rt.jar:/usr/lib/jvm/java-8-openjdk-amd64/jre/lib/sunrsasign.jar:/usr/lib/jvm/java-8-openjdk-amd64/jre/lib/jsse.jar:/usr/lib/jvm/java-8-openjdk-amd64/jre/lib/jce.jar:/usr/lib/jvm/java-8-openjdk-amd64/jre/lib/charsets.jar:/usr/lib/jvm/java-8-openjdk-amd64/jre/lib/jfr.jar:/usr/lib/jvm/java-8-openjdk-amd64/jre/classes"/>
    <property name="java.vendor" value="Private Build"/>
    <property name="maven.home" value="/usr/share/maven"/>
    <property name="file.separator" value="/"/>
    <property name="java.vendor.url.bug" value="http://bugreport.sun.com/bugreport/"/>
    <property name="sun.cpu.endian" value="little"/>
    <property name="sun.io.unicode.encoding" value="UnicodeLittle"/>
    <property name="sun.cpu.isalist" value=""/>
  </properties>
  <testcase classname="info.archinnov.achilles.internals.parser.FieldParserTest" name="info.archinnov.achilles.internals.parser.FieldParserTest" time="0.715"/>
  <testcase classname="info.archinnov.achilles.internals.parser.FieldParserTest" name="info.archinnov.achilles.internals.parser.FieldParserTest" time="0.755"/>
  <testcase classname="info.archinnov.achilles.internals.parser.FieldParserTest" name="info.archinnov.achilles.internals.parser.FieldParserTest" time="1.22"/>
  <testcase classname="info.archinnov.achilles.internals.parser.FieldParserTest" name="info.archinnov.achilles.internals.parser.FieldParserTest" time="1.408"/>
  <testcase classname="info.archinnov.achilles.internals.parser.FieldParserTest" name="info.archinnov.achilles.internals.parser.FieldParserTest" time="1.583"/>
  <testcase classname="info.archinnov.achilles.internals.parser.FieldParserTest" name="info.archinnov.achilles.internals.parser.FieldParserTest" time="1.718"/>
  <testcase classname="info.archinnov.achilles.internals.parser.FieldParserTest" name="info.archinnov.achilles.internals.parser.FieldParserTest" time="1.815"/>
  <testcase classname="info.archinnov.achilles.internals.parser.FieldParserTest" name="info.archinnov.achilles.internals.parser.FieldParserTest" time="1.933"/>
  <testcase classname="info.archinnov.achilles.internals.parser.FieldParserTest" name="info.archinnov.achilles.internals.parser.FieldParserTest" time="2.044"/>
  <testcase classname="info.archinnov.achilles.internals.parser.FieldParserTest" name="info.archinnov.achilles.internals.parser.FieldParserTest" time="2.113"/>
  <testcase classname="info.archinnov.achilles.internals.parser.FieldParserTest" name="info.archinnov.achilles.internals.parser.FieldParserTest" time="2.179"/>
  <testcase classname="info.archinnov.achilles.internals.parser.FieldParserTest" name="info.archinnov.achilles.internals.parser.FieldParserTest" time="2.247"/>
  <testcase classname="info.archinnov.achilles.internals.parser.FieldParserTest" name="info.archinnov.achilles.internals.parser.FieldParserTest" time="2.32"/>
  <testcase classname="info.archinnov.achilles.internals.parser.FieldParserTest" name="info.archinnov.achilles.internals.parser.FieldParserTest" time="2.378"/>
  <testcase classname="info.archinnov.achilles.internals.parser.FieldParserTest" name="info.archinnov.achilles.internals.parser.FieldParserTest" time="2.436"/>
  <testcase classname="info.archinnov.achilles.internals.parser.FieldParserTest" name="info.archinnov.achilles.internals.parser.FieldParserTest" time="2.511"/>
  <testcase classname="info.archinnov.achilles.internals.parser.FieldParserTest" name="info.archinnov.achilles.internals.parser.FieldParserTest" time="2.596"/>
  <testcase classname="info.archinnov.achilles.internals.parser.FieldParserTest" name="info.archinnov.achilles.internals.parser.FieldParserTest" time="2.651"/>
  <testcase classname="info.archinnov.achilles.internals.parser.FieldParserTest" name="info.archinnov.achilles.internals.parser.FieldParserTest" time="2.704"/>
  <testcase classname="info.archinnov.achilles.internals.parser.FieldParserTest" name="info.archinnov.achilles.internals.parser.FieldParserTest" time="2.732"/>
  <testcase classname="info.archinnov.achilles.internals.parser.FieldParserTest" name="info.archinnov.achilles.internals.parser.FieldParserTest" time="2.757"/>
  <testcase classname="info.archinnov.achilles.internals.parser.FieldParserTest" name="info.archinnov.achilles.internals.parser.FieldParserTest" time="2.811"/>
  <testcase classname="info.archinnov.achilles.internals.parser.FieldParserTest" name="info.archinnov.achilles.internals.parser.FieldParserTest" time="2.898"/>
  <testcase classname="info.archinnov.achilles.internals.parser.FieldParserTest" name="info.archinnov.achilles.internals.parser.FieldParserTest" time="2.952"/>
  <testcase classname="info.archinnov.achilles.internals.parser.FieldParserTest" name="info.archinnov.achilles.internals.parser.FieldParserTest" time="3.009"/>
  <testcase classname="info.archinnov.achilles.internals.parser.FieldParserTest" name="info.archinnov.achilles.internals.parser.FieldParserTest" time="3.042"/>
  <testcase classname="info.archinnov.achilles.internals.parser.FieldParserTest" name="info.archinnov.achilles.internals.parser.FieldParserTest" time="3.1"/>
  <testcase classname="info.archinnov.achilles.internals.parser.FieldParserTest" name="info.archinnov.achilles.internals.parser.FieldParserTest" time="3.126"/>
  <testcase classname="info.archinnov.achilles.internals.parser.FieldParserTest" name="info.archinnov.achilles.internals.parser.FieldParserTest" time="3.199"/>
  <testcase classname="info.archinnov.achilles.internals.parser.FieldParserTest" name="info.archinnov.achilles.internals.parser.FieldParserTest" time="3.258"/>
  <testcase classname="info.archinnov.achilles.internals.parser.FieldParserTest" name="info.archinnov.achilles.internals.parser.FieldParserTest" time="3.331"/>
  <testcase classname="info.archinnov.achilles.internals.parser.FieldParserTest" name="info.archinnov.achilles.internals.parser.FieldParserTest" time="3.406"/>
  <testcase classname="info.archinnov.achilles.internals.parser.FieldParserTest" name="info.archinnov.achilles.internals.parser.FieldParserTest" time="3.437"/>
  <testcase classname="info.archinnov.achilles.internals.parser.FieldParserTest" name="info.archinnov.achilles.internals.parser.FieldParserTest" time="3.47"/>
  <testcase classname="info.archinnov.achilles.internals.parser.FieldParserTest" name="info.archinnov.achilles.internals.parser.FieldParserTest" time="3.554"/>
  <testcase classname="info.archinnov.achilles.internals.parser.FieldParserTest" name="info.archinnov.achilles.internals.parser.FieldParserTest" time="3.636"/>
  <testcase classname="info.archinnov.achilles.internals.parser.FieldParserTest" name="info.archinnov.achilles.internals.parser.FieldParserTest" time="3.71"/>
  <testcase classname="info.archinnov.achilles.internals.parser.FieldParserTest" name="info.archinnov.achilles.internals.parser.FieldParserTest" time="3.774"/>
  <testcase classname="info.archinnov.achilles.internals.parser.FieldParserTest" name="info.archinnov.achilles.internals.parser.FieldParserTest" time="3.842"/>
  <testcase classname="info.archinnov.achilles.internals.parser.FieldParserTest" name="info.archinnov.achilles.internals.parser.FieldParserTest" time="3.929"/>
  <testcase classname="info.archinnov.achilles.internals.parser.FieldParserTest" name="info.archinnov.achilles.internals.parser.FieldParserTest" time="3.97"/>
  <testcase classname="info.archinnov.achilles.internals.parser.FieldParserTest" name="info.archinnov.achilles.internals.parser.FieldParserTest" time="4.003"/>
  <testcase classname="info.archinnov.achilles.internals.parser.FieldParserTest" name="info.archinnov.achilles.internals.parser.FieldParserTest" time="4.069"/>
  <testcase classname="info.archinnov.achilles.internals.parser.FieldParserTest" name="info.archinnov.achilles.internals.parser.FieldParserTest" time="4.126"/>
  <testcase classname="info.archinnov.achilles.internals.parser.FieldParserTest" name="info.archinnov.achilles.internals.parser.FieldParserTest" time="4.183"/>
  <testcase classname="info.archinnov.achilles.internals.parser.FieldParserTest" name="info.archinnov.achilles.internals.parser.FieldParserTest" time="4.235"/>
  <testcase classname="info.archinnov.achilles.internals.parser.FieldParserTest" name="info.archinnov.achilles.internals.parser.FieldParserTest" time="4.264"/>
  <testcase classname="info.archinnov.achilles.internals.parser.FieldParserTest" name="info.archinnov.achilles.internals.parser.FieldParserTest" time="4.293"/>
  <testcase classname="info.archinnov.achilles.internals.parser.FieldParserTest" name="info.archinnov.achilles.internals.parser.FieldParserTest" time="4.347"/>
  <testcase classname="info.archinnov.achilles.internals.parser.FieldParserTest" name="info.archinnov.achilles.internals.parser.FieldParserTest" time="4.403"/>
  <testcase classname="info.archinnov.achilles.internals.parser.FieldParserTest" name="info.archinnov.achilles.internals.parser.FieldParserTest" time="4.436"/>
  <testcase classname="info.archinnov.achilles.internals.parser.FieldParserTest" name="info.archinnov.achilles.internals.parser.FieldParserTest" time="4.49"/>
  <testcase classname="info.archinnov.achilles.internals.parser.FieldParserTest" name="info.archinnov.achilles.internals.parser.FieldParserTest" time="4.569"/>
  <testcase classname="info.archinnov.achilles.internals.parser.FieldParserTest" name="info.archinnov.achilles.internals.parser.FieldParserTest" time="4.597"/>
  <testcase classname="info.archinnov.achilles.internals.parser.FieldParserTest" name="info.archinnov.achilles.internals.parser.FieldParserTest" time="4.623"/>
  <testcase classname="info.archinnov.achilles.internals.parser.FieldParserTest" name="info.archinnov.achilles.internals.parser.FieldParserTest" time="4.672"/>
  <testcase classname="info.archinnov.achilles.internals.parser.FieldParserTest" name="info.archinnov.achilles.internals.parser.FieldParserTest" time="4.724"/>
  <testcase classname="info.archinnov.achilles.internals.parser.FieldParserTest" name="info.archinnov.achilles.internals.parser.FieldParserTest" time="4.9"/>
  <testcase classname="info.archinnov.achilles.internals.parser.FieldParserTest" name="info.archinnov.achilles.internals.parser.FieldParserTest" time="4.947"/>
  <testcase classname="info.archinnov.achilles.internals.parser.FieldParserTest" name="info.archinnov.achilles.internals.parser.FieldParserTest" time="4.996"/>
  <testcase classname="info.archinnov.achilles.internals.parser.FieldParserTest" name="info.archinnov.achilles.internals.parser.FieldParserTest" time="5.056"/>
  <testcase classname="info.archinnov.achilles.internals.parser.FieldParserTest" name="info.archinnov.achilles.internals.parser.FieldParserTest" time="5.113"/>
  <testcase classname="info.archinnov.achilles.internals.parser.FieldParserTest" name="info.archinnov.achilles.internals.parser.FieldParserTest" time="5.188"/>
  <testcase classname="info.archinnov.achilles.internals.parser.FieldParserTest" name="info.archinnov.achilles.internals.parser.FieldParserTest" time="5.238"/>
  <testcase classname="info.archinnov.achilles.internals.parser.FieldParserTest" name="info.archinnov.achilles.internals.parser.FieldParserTest" time="5.295"/>
  <testcase classname="info.archinnov.achilles.internals.parser.FieldParserTest" name="info.archinnov.achilles.internals.parser.FieldParserTest" time="5.325"/>
  <testcase classname="info.archinnov.achilles.internals.parser.FieldParserTest" name="info.archinnov.achilles.internals.parser.FieldParserTest" time="5.348"/>
  <testcase classname="info.archinnov.achilles.internals.parser.FieldParserTest" name="info.archinnov.achilles.internals.parser.FieldParserTest" time="5.394"/>
  <testcase classname="info.archinnov.achilles.internals.parser.FieldParserTest" name="info.archinnov.achilles.internals.parser.FieldParserTest" time="5.452"/>
  <testcase classname="info.archinnov.achilles.internals.parser.FieldParserTest" name="info.archinnov.achilles.internals.parser.FieldParserTest" time="5.48"/>
  <testcase classname="info.archinnov.achilles.internals.parser.FieldParserTest" name="info.archinnov.achilles.internals.parser.FieldParserTest" time="5.505"/>
  <testcase classname="info.archinnov.achilles.internals.parser.FieldParserTest" name="info.archinnov.achilles.internals.parser.FieldParserTest" time="5.53"/>
  <testcase classname="info.archinnov.achilles.internals.parser.FieldParserTest" name="info.archinnov.achilles.internals.parser.FieldParserTest" time="5.553"/>
  <testcase classname="info.archinnov.achilles.internals.parser.FieldParserTest" name="info.archinnov.achilles.internals.parser.FieldParserTest" time="5.601"/>
  <testcase classname="info.archinnov.achilles.internals.parser.FieldParserTest" name="info.archinnov.achilles.internals.parser.FieldParserTest" time="5.659"/>
  <testcase classname="info.archinnov.achilles.internals.parser.FieldParserTest" name="info.archinnov.achilles.internals.parser.FieldParserTest" time="5.683"/>
  <testcase classname="info.archinnov.achilles.internals.parser.FieldParserTest" name="info.archinnov.achilles.internals.parser.FieldParserTest" time="5.742"/>
  <testcase classname="info.archinnov.achilles.internals.parser.FieldParserTest" name="info.archinnov.achilles.internals.parser.FieldParserTest" time="5.803"/>
  <testcase classname="info.archinnov.achilles.internals.parser.FieldParserTest" name="info.archinnov.achilles.internals.parser.FieldParserTest" time="5.83"/>
  <testcase classname="info.archinnov.achilles.internals.parser.FieldParserTest" name="info.archinnov.achilles.internals.parser.FieldParserTest" time="5.858"/>
  <testcase classname="info.archinnov.achilles.internals.parser.FieldParserTest" name="info.archinnov.achilles.internals.parser.FieldParserTest" time="5.926"/>
</testsuite>